==> Making package: yay-bin 12.3.5-1 (Fri 02 Aug 2024 04:32:40 PM PDT)
==> Checking runtime dependencies...
==> Checking buildtime dependencies...
==> Retrieving sources...
  -> Downloading yay_12.3.5_x86_64.tar.gz...
  % Total    % Received % Xferd  Average Speed   Time    Time     Time  Current
                                 Dload  Upload   Total   Spent    Left  Speed
  0     0    0     0    0     0      0      0 --:--:-- --:--:-- --:--:--     0  0     0    0     0    0     0      0      0 --:--:-- --:--:-- --:--:--     0
  1 3695k    1 40540    0     0  38170      0  0:01:39  0:00:01  0:01:38 38170100 3695k  100 3695k    0     0  2889k      0  0:00:01  0:00:01 --:--:-- 16.5M
==> Validating source_x86_64 files with sha256sums...
    yay_12.3.5_x86_64.tar.gz ... Passed
==> Extracting sources...
  -> Extracting yay_12.3.5_x86_64.tar.gz with bsdtar
==> Entering fakeroot environment...
==> Starting package()...
==> Tidying install...
  -> Removing libtool files...
  -> Purging unwanted files...
  -> Removing static library files...
  -> Stripping unneeded symbols from binaries and libraries...
  -> Compressing man and info pages...
==> Checking for packaging issues...
==> Creating package "yay-bin"...
  -> Generating .PKGINFO file...
  -> Generating .BUILDINFO file...
  -> Generating .MTREE file...
  -> Compressing package...
==> Creating package "yay-bin-debug"...
  -> Generating .PKGINFO file...
  -> Generating .BUILDINFO file...
  -> Generating .MTREE file...
  -> Compressing package...
==> Leaving fakeroot environment.
==> Finished making: yay-bin 12.3.5-1 (Fri 02 Aug 2024 04:32:50 PM PDT)
==> Installing package yay-bin with pacman -U...
loading packages...
resolving dependencies...
looking for conflicting packages...

Package (2)    New Version  Net Change

yay-bin        12.3.5-1       9.32 MiB
yay-bin-debug  12.3.5-1       0.00 MiB

Total Installed Size:  9.32 MiB

:: Proceed with installation? [Y/n] 
checking keyring...
checking package integrity...
loading package files...
checking for file conflicts...
checking available disk space...
:: Processing package changes...
installing yay-bin...
Optional dependencies for yay-bin
    sudo: privilege elevation [installed]
    doas: privilege elevation
installing yay-bin-debug...
:: Running post-transaction hooks...
(1/1) Arming ConditionNeedsUpdate...
