[33m[NOTE][m Installing xdg-desktop-portal-hyprland ...
Sync Explicit (1): xdg-desktop-portal-hyprland-1.3.3-2
Sync Explicit (1): xdg-desktop-portal-hyprland-1.3.3-2
resolving dependencies...
resolving dependencies...
looking for conflicting packages...
looking for conflicting packages...

Package (5)                        New Version  Net Change  Download Size

extra/geoclue                      2.7.1-3        1.49 MiB       0.22 MiB
core/libinih                       58-1           0.05 MiB       0.02 MiB
extra/rtkit                        0.13-3         0.08 MiB       0.03 MiB
extra/xdg-desktop-portal           1.18.4-1       2.18 MiB       0.39 MiB
extra/xdg-desktop-portal-hyprland  1.3.3-2        0.52 MiB       0.19 MiB

Total Download Size:   0.84 MiB
Total Installed Size:  4.32 MiB

:: Proceed with installation? [Y/n] 
:: Retrieving packages...

Package (5)                        New Version  Net Change  Download Size

extra/geoclue                      2.7.1-3        1.49 MiB       0.22 MiB
core/libinih                       58-1           0.05 MiB       0.02 MiB
extra/rtkit                        0.13-3         0.08 MiB       0.03 MiB
extra/xdg-desktop-portal           1.18.4-1       2.18 MiB       0.39 MiB
extra/xdg-desktop-portal-hyprland  1.3.3-2        0.52 MiB       0.19 MiB

Total Download Size:   0.84 MiB
Total Installed Size:  4.32 MiB

:: Proceed with installation? [Y/n] 
:: Retrieving packages...
 xdg-desktop-portal-1.18.4-1-x86_64 downloading...
 geoclue-2.7.1-3-x86_64 downloading...
 xdg-desktop-portal-hyprland-1.3.3-2-x86_64 downloading...
 rtkit-0.13-3-x86_64 downloading...
 libinih-58-1-x86_64 downloading...
checking keyring...
 xdg-desktop-portal-1.18.4-1-x86_64 downloading...
 geoclue-2.7.1-3-x86_64 downloading...
 xdg-desktop-portal-hyprland-1.3.3-2-x86_64 downloading...
 rtkit-0.13-3-x86_64 downloading...
 libinih-58-1-x86_64 downloading...
checking keyring...
checking package integrity...
checking package integrity...
loading package files...
loading package files...
checking for file conflicts...
checking for file conflicts...
checking available disk space...
checking available disk space...
:: Processing package changes...
installing libinih...
:: Processing package changes...
installing libinih...
installing geoclue...
installing geoclue...
Optional dependencies for geoclue
    libnotify: Demo Agent [installed]
installing rtkit...
Optional dependencies for geoclue
    libnotify: Demo Agent [installed]
installing rtkit...
installing xdg-desktop-portal...
installing xdg-desktop-portal...
Optional dependencies for xdg-desktop-portal
    xdg-desktop-portal-impl: Portal backends [pending]
installing xdg-desktop-portal-hyprland...
Optional dependencies for xdg-desktop-portal
    xdg-desktop-portal-impl: Portal backends [pending]
installing xdg-desktop-portal-hyprland...
Optional dependencies for xdg-desktop-portal-hyprland
    grim: required for the screenshot portal to function [installed]
    slurp: support for interactive mode for the screenshot portal [installed]
Optional dependencies for xdg-desktop-portal-hyprland
    grim: required for the screenshot portal to function [installed]
    slurp: support for interactive mode for the screenshot portal [installed]
:: Running post-transaction hooks...
(1/7) Creating system user accounts...
:: Running post-transaction hooks...
(1/7) Creating system user accounts...
Creating group 'geoclue' with GID 969.
Creating group 'geoclue' with GID 969.
Creating user 'geoclue' (Geoinformation service) with UID 969 and GID 969.
Creating group 'rtkit' with GID 133.
Creating user 'geoclue' (Geoinformation service) with UID 969 and GID 969.
Creating user 'rtkit' (RealtimeKit) with UID 133 and GID 133.
Creating group 'rtkit' with GID 133.
Creating user 'rtkit' (RealtimeKit) with UID 133 and GID 133.
(2/7) Reloading system manager configuration...
(2/7) Reloading system manager configuration...
(3/7) Reloading user manager configuration...
(3/7) Reloading user manager configuration...
(4/7) Creating temporary files...
(4/7) Creating temporary files...
(5/7) Arming ConditionNeedsUpdate...
(5/7) Arming ConditionNeedsUpdate...
(6/7) Reloading system bus configuration...
(6/7) Reloading system bus configuration...
(7/7) Updating the desktop file MIME type cache...
(7/7) Updating the desktop file MIME type cache...
[1A[K[32m[OK][m xdg-desktop-portal-hyprland was installed.
[33m[NOTE][m Installing xdg-desktop-portal-gtk ...
Sync Explicit (1): xdg-desktop-portal-gtk-1.15.1-2
Sync Explicit (1): xdg-desktop-portal-gtk-1.15.1-2
resolving dependencies...
resolving dependencies...
looking for conflicting packages...
looking for conflicting packages...

Package (1)                   New Version  Net Change  Download Size

extra/xdg-desktop-portal-gtk  1.15.1-2       0.42 MiB       0.11 MiB

Total Download Size:   0.11 MiB
Total Installed Size:  0.42 MiB

:: Proceed with installation? [Y/n] 
:: Retrieving packages...

Package (1)                   New Version  Net Change  Download Size

extra/xdg-desktop-portal-gtk  1.15.1-2       0.42 MiB       0.11 MiB

Total Download Size:   0.11 MiB
Total Installed Size:  0.42 MiB

:: Proceed with installation? [Y/n] 
:: Retrieving packages...
 xdg-desktop-portal-gtk-1.15.1-2-x86_64 downloading...
checking keyring...
 xdg-desktop-portal-gtk-1.15.1-2-x86_64 downloading...
checking keyring...
checking package integrity...
checking package integrity...
loading package files...
loading package files...
checking for file conflicts...
checking available disk space...
checking for file conflicts...
:: Processing package changes...
installing xdg-desktop-portal-gtk...
checking available disk space...
:: Processing package changes...
installing xdg-desktop-portal-gtk...
Optional dependencies for xdg-desktop-portal-gtk
    evince: Print preview
Optional dependencies for xdg-desktop-portal-gtk
    evince: Print preview
:: Running post-transaction hooks...
(1/3) Reloading user manager configuration...
:: Running post-transaction hooks...
(1/3) Reloading user manager configuration...
(2/3) Arming ConditionNeedsUpdate...
(2/3) Arming ConditionNeedsUpdate...
(3/3) Updating the desktop file MIME type cache...
(3/3) Updating the desktop file MIME type cache...
[1A[K[32m[OK][m xdg-desktop-portal-gtk was installed.
